<?xml version="1.0" encoding="UTF-8"?>
<!-- Generated by org.testng.reporters.JUnitXMLReporter -->
<testsuite hostname="NADEEM-NZ" ignored="0" name="WestpacUserStoryTwo" tests="3" failures="0" timestamp="2020-10-05T01:19:13 NZDT" time="39.11" errors="0">
  <testcase name="VerifyUserStoryTwoAcceptCriteriaOne" time="17.948" classname="westpacTestCases.westpacUserStoryTwoTests"/>
  <testcase name="VerifyUserStoryTwoAcceptCriteriaTwo" time="5.122" classname="westpacTestCases.westpacUserStoryTwoTests"/>
  <testcase name="VerifyUserStoryTwoAcceptCriteriaThree" time="4.511" classname="westpacTestCases.westpacUserStoryTwoTests"/>
</testsuite> <!-- WestpacUserStoryTwo -->
