<?xml version="1.0" encoding="UTF-8"?>
<!-- Generated by org.testng.reporters.JUnitXMLReporter -->
<testsuite hostname="NADEEM-NZ" ignored="0" name="WestpacUserStoryAcceptance" tests="4" failures="0" timestamp="2020-10-05T01:18:34 NZDT" time="33.128" errors="0">
  <testcase name="checkUserlandsOnHomePage" time="0.429" classname="westpacTestCases.westpacUserStoryOneTests"/>
  <testcase name="checkUserNavigationToKiwiSaverCalculator" time="3.228" classname="westpacTestCases.westpacUserStoryOneTests"/>
  <testcase name="VerifyAllHelpIconsPresent" time="9.382" classname="westpacTestCases.westpacUserStoryOneTests"/>
  <testcase name="CheckAcceptanceCriteriaUserStory1" time="1.035" classname="westpacTestCases.westpacUserStoryOneTests"/>
</testsuite> <!-- WestpacUserStoryAcceptance -->
