<?xml version="1.0" encoding="UTF-8"?>
<testsuite xmlns:xsi="http://www.w3.org/2001/XMLSchema-instance" xsi:noNamespaceSchemaLocation="https://maven.apache.org/surefire/maven-surefire-plugin/xsd/surefire-test-report-3.0.xsd" version="3.0" name="TestSuite" time="73.511" tests="7" errors="0" skipped="0" failures="0">
  <properties>
[...]
</properties>
  <testcase name="checkUserlandsOnHomePage" classname="westpacTestCases.westpacUserStoryOneTests" time="0.329">
    <system-err><![CDATA[[main] INFO io.github.bonigarcia.wdm.WebDriverManager - Using chromedriver 85.0.4183.87 (resolved driver for Chrome 85)
[main] INFO io.github.bonigarcia.wdm.WebDriverManager - Exporting webdriver.chrome.driver as C:\Users\NADEEM-IT\.cache\selenium\chromedriver\win32\85.0.4183.87\chromedriver.exe
Starting ChromeDriver 85.0.4183.87 (cd6713ebf92fa1cacc0f1a598df280093af0c5d7-refs/branch-heads/4183@{#1689}) on port 31461
Only local connections are allowed.
Please see https://chromedriver.chromium.org/security-considerations for suggestions on keeping ChromeDriver safe.
ChromeDriver was started successfully.
Oct 05, 2020 1:18:09 AM org.openqa.selenium.remote.ProtocolHandshake createSession
INFO: Detected dialect: W3C
]]></system-err>
  </testcase>
  <testcase name="checkUserNavigationToKiwiSaverCalculator" classname="westpacTestCases.westpacUserStoryOneTests" time="3.228"/>
  <testcase name="VerifyAllHelpIconsPresent" classname="westpacTestCases.westpacUserStoryOneTests" time="9.378"/>
  <testcase name="CheckAcceptanceCriteriaUserStory1" classname="westpacTestCases.westpacUserStoryOneTests" time="1.032"/>
  <testcase name="VerifyUserStoryTwoAcceptCriteriaOne" classname="westpacTestCases.westpacUserStoryTwoTests" time="17.699">
    <system-out><![CDATA[$
436,365
]]></system-out>
    <system-err><![CDATA[[main] INFO io.github.bonigarcia.wdm.WebDriverManager - Using chromedriver 85.0.4183.87 (resolved driver for Chrome 85)
[main] INFO io.github.bonigarcia.wdm.WebDriverManager - Exporting webdriver.chrome.driver as C:\Users\NADEEM-IT\.cache\selenium\chromedriver\win32\85.0.4183.87\chromedriver.exe
Starting ChromeDriver 85.0.4183.87 (cd6713ebf92fa1cacc0f1a598df280093af0c5d7-refs/branch-heads/4183@{#1689}) on port 2095
Only local connections are allowed.
Please see https://chromedriver.chromium.org/security-considerations for suggestions on keeping ChromeDriver safe.
ChromeDriver was started successfully.
Oct 05, 2020 1:18:38 AM org.openqa.selenium.remote.ProtocolHandshake createSession
INFO: Detected dialect: W3C
]]></system-err>
  </testcase>
  <testcase name="VerifyUserStoryTwoAcceptCriteriaTwo" classname="westpacTestCases.westpacUserStoryTwoTests" time="4.709"/>
  <testcase name="VerifyUserStoryTwoAcceptCriteriaThree" classname="westpacTestCases.westpacUserStoryTwoTests" time="4.516">
    <system-out><![CDATA[$
260,734
]]></system-out>
  </testcase>
</testsuite>