-------------------------------------------------------------------------------
Test set: TestSuite
-------------------------------------------------------------------------------
Tests run: 4, Failures: 1, Errors: 0, Skipped: 0, Time elapsed: 77.484 s <<< FAILURE! - in TestSuite
xeroTestCases.verifyXeroDemoTests.CheckLoginButtonOnHomePage  Time elapsed: 7.11 s  <<< FAILURE!
java.lang.AssertionError: expected [Login | Xero Accounting Software] but found []
	at xeroTestCases.verifyXeroDemoTests.CheckLoginButtonOnHomePage(verifyXeroDemoTests.java:50)

