<?xml version="1.0" encoding="UTF-8"?>
<testng-results skipped="0" failed="0" ignored="0" total="7" passed="7">
  <reporter-output>
  </reporter-output>
  <suite name="WestpacDemoProject" duration-ms="72344" started-at="2020-10-05T01:18:00 NZDT" finished-at="2020-10-05T01:19:13 NZDT">
    <groups>
    </groups>
    <test name="WestpacUserStoryAcceptance" duration-ms="33128" started-at="2020-10-05T01:18:00 NZDT" finished-at="2020-10-05T01:18:34 NZDT">
      <class name="westpacTestCases.westpacUserStoryOneTests">
        <test-method status="PASS" signature="prepareSetupForTesting(java.lang.String)[pri:0, instance:westpacTestCases.westpacUserStoryOneTests@eed359]" name="prepareSetupForTesting" is-config="true" duration-ms="17866" started-at="2020-10-05T01:18:00 NZDT" finished-at="2020-10-05T01:18:18 NZDT">
          <params>
            <param index="0">
              <value>
                <![CDATA[chrome]]>
              </value>
            </param>
          </params>
          <reporter-output>
          </reporter-output>
        </test-method> <!-- prepareSetupForTesting -->
        <test-method status="PASS" signature="checkUserlandsOnHomePage()[pri:0, instance:westpacTestCases.westpacUserStoryOneTests@eed359]" name="checkUserlandsOnHomePage" duration-ms="429" started-at="2020-10-05T01:18:18 NZDT" finished-at="2020-10-05T01:18:19 NZDT">
          <reporter-output>
          </reporter-output>
        </test-method> <!-- checkUserlandsOnHomePage -->
        <test-method status="PASS" signature="checkUserNavigationToKiwiSaverCalculator()[pri:0, instance:westpacTestCases.westpacUserStoryOneTests@eed359]" name="checkUserNavigationToKiwiSaverCalculator" duration-ms="3228" started-at="2020-10-05T01:18:19 NZDT" finished-at="2020-10-05T01:18:22 NZDT">
          <reporter-output>
          </reporter-output>
        </test-method> <!-- checkUserNavigationToKiwiSaverCalculator -->
        <test-method status="PASS" signature="VerifyAllHelpIconsPresent()[pri:0, instance:westpacTestCases.westpacUserStoryOneTests@eed359]" name="VerifyAllHelpIconsPresent" duration-ms="9382" started-at="2020-10-05T01:18:22 NZDT" finished-at="2020-10-05T01:18:31 NZDT">
          <reporter-output>
          </reporter-output>
        </test-method> <!-- VerifyAllHelpIconsPresent -->
        <test-method status="PASS" signature="CheckAcceptanceCriteriaUserStory1()[pri:0, instance:westpacTestCases.westpacUserStoryOneTests@eed359]" name="CheckAcceptanceCriteriaUserStory1" duration-ms="1035" started-at="2020-10-05T01:18:31 NZDT" finished-at="2020-10-05T01:18:33 NZDT">
          <reporter-output>
          </reporter-output>
        </test-method> <!-- CheckAcceptanceCriteriaUserStory1 -->
        <test-method status="PASS" signature="TearDown()[pri:0, instance:westpacTestCases.westpacUserStoryOneTests@eed359]" name="TearDown" is-config="true" duration-ms="1071" started-at="2020-10-05T01:18:33 NZDT" finished-at="2020-10-05T01:18:34 NZDT">
          <reporter-output>
          </reporter-output>
        </test-method> <!-- TearDown -->
      </class> <!-- westpacTestCases.westpacUserStoryOneTests -->
    </test> <!-- WestpacUserStoryAcceptance -->
    <test name="WestpacUserStoryTwo" duration-ms="39110" started-at="2020-10-05T01:18:34 NZDT" finished-at="2020-10-05T01:19:13 NZDT">
      <class name="westpacTestCases.westpacUserStoryTwoTests">
        <test-method status="PASS" signature="prepareSetupForTesting(java.lang.String)[pri:0, instance:westpacTestCases.westpacUserStoryTwoTests@10694f1]" name="prepareSetupForTesting" is-config="true" duration-ms="11525" started-at="2020-10-05T01:18:34 NZDT" finished-at="2020-10-05T01:18:45 NZDT">
          <params>
            <param index="0">
              <value>
                <![CDATA[chrome]]>
              </value>
            </param>
          </params>
          <reporter-output>
          </reporter-output>
        </test-method> <!-- prepareSetupForTesting -->
        <test-method status="PASS" signature="VerifyUserStoryTwoAcceptCriteriaOne()[pri:0, instance:westpacTestCases.westpacUserStoryTwoTests@10694f1]" name="VerifyUserStoryTwoAcceptCriteriaOne" duration-ms="17948" started-at="2020-10-05T01:18:45 NZDT" finished-at="2020-10-05T01:19:03 NZDT">
          <reporter-output>
          </reporter-output>
        </test-method> <!-- VerifyUserStoryTwoAcceptCriteriaOne -->
        <test-method status="PASS" signature="VerifyUserStoryTwoAcceptCriteriaTwo()[pri:0, instance:westpacTestCases.westpacUserStoryTwoTests@10694f1]" name="VerifyUserStoryTwoAcceptCriteriaTwo" duration-ms="5122" started-at="2020-10-05T01:19:03 NZDT" finished-at="2020-10-05T01:19:08 NZDT">
          <reporter-output>
          </reporter-output>
        </test-method> <!-- VerifyUserStoryTwoAcceptCriteriaTwo -->
        <test-method status="PASS" signature="VerifyUserStoryTwoAcceptCriteriaThree()[pri:0, instance:westpacTestCases.westpacUserStoryTwoTests@10694f1]" name="VerifyUserStoryTwoAcceptCriteriaThree" duration-ms="4511" started-at="2020-10-05T01:19:08 NZDT" finished-at="2020-10-05T01:19:13 NZDT">
          <reporter-output>
          </reporter-output>
        </test-method> <!-- VerifyUserStoryTwoAcceptCriteriaThree -->
        <test-method status="PASS" signature="TearDown()[pri:0, instance:westpacTestCases.westpacUserStoryTwoTests@10694f1]" name="TearDown" is-config="true" duration-ms="0" started-at="2020-10-05T01:19:13 NZDT" finished-at="2020-10-05T01:19:13 NZDT">
          <reporter-output>
          </reporter-output>
        </test-method> <!-- TearDown -->
      </class> <!-- westpacTestCases.westpacUserStoryTwoTests -->
    </test> <!-- WestpacUserStoryTwo -->
  </suite> <!-- WestpacDemoProject -->
</testng-results>
